<?xml version="1.0" encoding="UTF-8"?>
<testng-results ignored="0" total="1" passed="1" failed="0" skipped="0">
  <reporter-output>
  </reporter-output>
  <suite started-at="2023-02-08T12:19:52 IST" name="Default suite" finished-at="2023-02-08T12:19:56 IST" duration-ms="3970">
    <groups>
    </groups>
    <test started-at="2023-02-08T12:19:52 IST" name="Default test" finished-at="2023-02-08T12:19:56 IST" duration-ms="3970">
      <class name="postTest">
        <test-method signature="post_data()[pri:0, instance:postTest@5c909414]" started-at="2023-02-08T12:19:52 IST" name="post_data" finished-at="2023-02-08T12:19:56 IST" duration-ms="3930" status="PASS">
          <reporter-output>
          </reporter-output>
        </test-method> <!-- post_data -->
      </class> <!-- postTest -->
    </test> <!-- Default test -->
  </suite> <!-- Default suite -->
</testng-results>
